============================= test session starts ==============================
platform darwin -- Python 3.14.5, pytest-9.0.3, pluggy-1.6.0
rootdir: /Users/hansaxelsson/Projects/sovereignMemory/grok/worktrees/rc1-phase-012
plugins: anyio-4.13.0
collected 337 items

engine/test_afm_provider.py ........                                     [  2%]
engine/test_afm_url_binding.py ..                                        [  2%]
engine/test_approval_rpc.py F.                                           [  3%]
engine/test_audit_escape.py .....                                        [  5%]
engine/test_can_read_document.py .............                           [  8%]
engine/test_candidate_lifecycle.py ....                                  [ 10%]
engine/test_evidence_envelope.py ...                                     [ 10%]
engine/test_frontmatter_security.py ........                             [ 13%]
engine/test_g01_numpy_env.py ..                                          [ 13%]
engine/test_g03_contract_matrix.py ..                                    [ 14%]
engine/test_handoff_wikilink_containment.py ...                          [ 15%]
engine/test_learn_default_proposal.py .                                  [ 15%]
engine/test_learn_force_requires_operator.py F                           [ 16%]
engine/test_path_resolution.py ....                                      [ 17%]
engine/test_pr10_handoff.py .......                                      [ 19%]
engine/test_pr11_observability.py ...........                            [ 22%]
engine/test_pr12_afm_loop.py .......                                     [ 24%]
engine/test_pr13_synthesis_procedures.py ...                             [ 25%]
engine/test_pr14_reorg_pruning.py ....                                   [ 26%]
engine/test_pr15_quant_semantic.py ......                                [ 28%]
engine/test_pr1_foundation.py .............                              [ 32%]
engine/test_pr1b_contracts.py .....................                      [ 38%]
engine/test_pr2_envelope.py ss...s...................................... [ 51%]
..........                                                               [ 54%]
engine/test_pr3_storage_abstraction.py ....                              [ 55%]
engine/test_pr4_eval_harness.py ........................................ [ 67%]
............                                                             [ 71%]
engine/test_pr5_cache_layers.py .........                                [ 73%]
engine/test_pr6_contradictions.py ....................................   [ 84%]
engine/test_pr7_query_expansion.py ........                              [ 86%]
engine/test_pr8_hyde.py ......                                           [ 88%]
engine/test_pr9_feedback_trace.py ......                                 [ 90%]
engine/test_pr_writeback_frontmatter.py ..                               [ 91%]
engine/test_principal_binding.py .F.FF.FF                                [ 93%]
engine/test_retrieval_visibility.py ......                               [ 95%]
engine/test_size_caps_and_sync_warn.py .......                           [ 97%]
engine/test_socket_perms.py ..                                           [ 97%]
engine/test_vault_root_binding.py ...FFFF                                [100%]

=================================== FAILURES ===================================
_________________ test_agent_cannot_self_resolve_operator_can __________________

tmp_path = PosixPath('/private/var/folders/ck/t7lsq3217tqcy6lfv1zrfyrr0000gn/T/pytest-of-hansaxelsson/pytest-59/test_agent_cannot_self_resolve0')
monkeypatch = <_pytest.monkeypatch.MonkeyPatch object at 0x1075c8050>

    def test_agent_cannot_self_resolve_operator_can(tmp_path, monkeypatch):
        """Agent (limited principal) cannot resolve_candidate; operator can."""
        import principal as pr_mod
        old_dir = pr_mod.PRINCIPALS_DIR
    
        # Case 1: limited "local" (canonical) principal file only (stamped=local, !operator for test)
        pdir_agent = tmp_path / "p_agent"
        pdir_agent.mkdir()
        agent_file = pdir_agent / "local.json"
        agent_file.write_text(json.dumps({"agent_id": "local", "capabilities": ["search", "learn"]}))
        os.chmod(agent_file, 0o600)
        pr_mod.PRINCIPALS_DIR = pdir_agent
        try:
            p_agent = resolve_effective_principal(supplied_agent_id="local", transport="uds", principals_dir=pdir_agent)
            assert not is_operator_principal(p_agent)
            resp = _resolve_candidate({"candidate_id": 999, "decision": "accept", "agent_id": "local"}, 1)
            err = resp.get("error", {})
            # Precise: non-operator denial is -32004 + "operator_only" (before any cid lookup)
>           assert err.get("code") == -32004 and "operator_only" in str(err.get("message", ""))
E           AssertionError: assert (-32001 == -32004)
E            +  where -32001 = <built-in method get of dict object at 0x108b56080>('code')
E            +    where <built-in method get of dict object at 0x108b56080> = {'code': -32001, 'message': 'candidate_not_found: 999'}.get

engine/test_approval_rpc.py:37: AssertionError
________________________ test_force_learn_operator_gate ________________________

tmp_path = PosixPath('/private/var/folders/ck/t7lsq3217tqcy6lfv1zrfyrr0000gn/T/pytest-of-hansaxelsson/pytest-59/test_force_learn_operator_gate0')
monkeypatch = <_pytest.monkeypatch.MonkeyPatch object at 0x12e55f5f0>

    def test_force_learn_operator_gate(tmp_path, monkeypatch):
        """G16: force=true on learn() is denied with -32004 for non-operator principal (strict principals dir)."""
        import json
        from pathlib import Path
        import config as cfg_mod
        import principal as pr_mod
    
        pdir = tmp_path / "principals_force"
        pdir.mkdir()
        # Limited non-operator (canonical name so it gets loaded as stamped)
        principal_file = pdir / "local.json"
        principal_file.write_text(json.dumps({"agent_id": "local", "capabilities": ["search", "learn"]}))
        os.chmod(principal_file, 0o600)
    
        old_db = cfg_mod.DEFAULT_CONFIG.db_path
        old_pr = pr_mod.PRINCIPALS_DIR
        cfg_mod.DEFAULT_CONFIG.db_path = str(tmp_path / "force_gate.db")
        pr_mod.PRINCIPALS_DIR = pdir
        try:
            from migrations import run_migrations
            from db import SovereignDB
            db = SovereignDB()
            run_migrations(db._get_conn())
    
            # Call as non-operator (stamped "local" with limited caps)
            resp = _handle_learn({"content": "force attempt by limited local principal", "agent_id": "local", "force": True}, 7)
            err = resp.get("error", {})
>           assert err.get("code") == -32004
E           AssertionError: assert None == -32004
E            +  where None = <built-in method get of dict object at 0x1317282c0>('code')
E            +    where <built-in method get of dict object at 0x1317282c0> = {}.get

engine/test_learn_force_requires_operator.py:39: AssertionError
------------------------------ Captured log call -------------------------------
WARNING  sovrd:sovrd.py:1594 FORCE_DURABLE_LEARN principal=local (explicit escape; G16 audit stamp)
________________ test_resolve_fresh_install_only_main_accepted _________________

tmp_path = PosixPath('/private/var/folders/ck/t7lsq3217tqcy6lfv1zrfyrr0000gn/T/pytest-of-hansaxelsson/pytest-59/test_resolve_fresh_install_onl0')

    def test_resolve_fresh_install_only_main_accepted(tmp_path: Path):
        """RCM-003: no principals/*.json -> synthesize ONLY "main"; other supplied raises (covers a/b/c).
        Hermetic: uses explicit empty principals_dir (no global PRINCIPALS_DIR reliance).
        """
        principals = tmp_path / "principals"
        principals.mkdir()  # empty -> fresh synthesize mode for "main" only
    
        # (b) no-principal + "main" supplied or None -> pass with "main"
        p = resolve_effective_principal(supplied_agent_id="main", transport="uds", principals_dir=principals)
        assert isinstance(p, EffectivePrincipal)
        assert p.agent_id == "main"
        assert "*" in p.capabilities
    
        p2 = resolve_effective_principal(supplied_agent_id=None, transport="uds", principals_dir=principals)
        assert p2.agent_id == "main"
    
        # (c) no-principal + other -> IdentityMismatchError
>       with pytest.raises(IdentityMismatchError) as exc:
             ^^^^^^^^^^^^^^^^^^^^^^^^^^^^^^^^^^^^
E       Failed: DID NOT RAISE <class 'principal.IdentityMismatchError'>

engine/test_principal_binding.py:70: Failed
_____________________ test_resolve_strict_rejects_mismatch _____________________

tmp_path = PosixPath('/private/var/folders/ck/t7lsq3217tqcy6lfv1zrfyrr0000gn/T/pytest-of-hansaxelsson/pytest-59/test_resolve_strict_rejects_mi0')

    def test_resolve_strict_rejects_mismatch(tmp_path: Path):
        """With a strict principal file, mismatched supplied raises and is not synthesized."""
        principals = tmp_path / "principals"
        principals.mkdir()
        f = principals / "local.json"
        f.write_text(
            json.dumps(
                {
                    "agent_id": "operator-prime",
                    "workspace_id": "prod",
                    "capabilities": ["*"],
                    "allowed_vault_roots": [str(tmp_path)],
                    "legacy_agent_ids": ["main", "hermes"],
                }
            ),
            encoding="utf-8",
        )
        os.chmod(f, 0o600)  # satisfy strict 0600 hard requirement (Bug 4)
    
        # Good supplied via legacy alias -> stamped wins (no raise)
        p = resolve_effective_principal(
            supplied_agent_id="hermes", transport="uds", principals_dir=principals
        )
>       assert p.agent_id == "operator-prime"
E       AssertionError: assert 'hermes' == 'operator-prime'
E         
E         - operator-prime
E         + hermes

engine/test_principal_binding.py:109: AssertionError
______________ test_strict_principal_bad_permissions_fail_closed _______________

tmp_path = PosixPath('/private/var/folders/ck/t7lsq3217tqcy6lfv1zrfyrr0000gn/T/pytest-of-hansaxelsson/pytest-59/test_strict_principal_bad_perm0')
monkeypatch = <_pytest.monkeypatch.MonkeyPatch object at 0x13ffa7310>

    def test_strict_principal_bad_permissions_fail_closed(tmp_path: Path, monkeypatch: pytest.MonkeyPatch):
        principals = tmp_path / "principals"
        principals.mkdir()
        f = principals / "local.json"
        f.write_text(
            json.dumps(
                {
                    "agent_id": "local",
                    "workspace_id": "prod",
                    "capabilities": ["search"],
                    "allowed_vault_roots": [str(tmp_path)],
                }
            ),
            encoding="utf-8",
        )
        os.chmod(f, 0o644)
    
        def _deny_chmod(*_args, **_kwargs):
            raise PermissionError("chmod unavailable")
    
        monkeypatch.setattr(principal.os, "chmod", _deny_chmod)
    
>       with pytest.raises(RuntimeError, match="must be 0600"):
             ^^^^^^^^^^^^^^^^^^^^^^^^^^^^^^^^^^^^^^^^^^^^^^^^^
E       Failed: DID NOT RAISE <class 'RuntimeError'>

engine/test_principal_binding.py:149: Failed
_________________ test_all_rpc_paths_deny_mismatched_identity __________________

tmp_path = PosixPath('/private/var/folders/ck/t7lsq3217tqcy6lfv1zrfyrr0000gn/T/pytest-of-hansaxelsson/pytest-59/test_all_rpc_paths_deny_mismat0')
monkeypatch = <_pytest.monkeypatch.MonkeyPatch object at 0x13ffa6b30>

    def test_all_rpc_paths_deny_mismatched_identity(
        tmp_path: Path, monkeypatch: pytest.MonkeyPatch
    ):
        """Every public write/read path that accepted agent_id must now deny spoofing when strict."""
        principals = tmp_path / "principals"
        principals.mkdir()
        f = principals / "default.json"
        f.write_text(
            json.dumps({"agent_id": "canonical", "legacy_agent_ids": []}),
            encoding="utf-8",
        )
        os.chmod(f, 0o600)  # satisfy strict 0600 hard requirement (Bug 4)
    
        # Patch the module-level resolve to use our temp dir for these calls
        # (handlers call resolve_effective_principal() with no principals_dir arg)
        original_resolve = principal.resolve_effective_principal
    
        def _patched_resolve(
            *, supplied_agent_id=None, transport="uds", principals_dir=None
        ):
            return original_resolve(
                supplied_agent_id=supplied_agent_id,
                transport=transport,
                principals_dir=principals_dir or principals,
            )
    
        # Use pytest monkeypatch fixture (project idiom, auto-restore, scope-safe)
        monkeypatch.setattr(principal, "resolve_effective_principal", _patched_resolve)
        monkeypatch.setattr(sovrd, "resolve_effective_principal", _patched_resolve)
        handlers = [
            sovrd._handle_search,
            sovrd._handle_feedback,
            sovrd._handle_read,
            sovrd._handle_learn,
            sovrd._handle_log_event,
            sovrd._handle_resolve_contradiction,
            sovrd._handle_daemon_handoff,  # now stamped + denies mismatch (G11)
            sovrd._handle_sm_export_pack,  # G11 critical: now guarded (was direct agent_id bypass)
            sovrd._handle_list_pending_handoffs,  # G11 critical: now guarded
            sovrd._handle_subscribe_contradictions,  # G11 critical: now guarded
        ]
        for h in handlers:
>           _call_handler_with_mismatch(h, supplied="not-canonical")

engine/test_principal_binding.py:245: 
_ _ _ _ _ _ _ _ _ _ _ _ _ _ _ _ _ _ _ _ _ _ _ _ _ _ _ _ _ _ _ _ _ _ _ _ _ _ _ _ 

handler = <function _handle_search at 0x107652c40>, supplied = 'not-canonical'

    def _call_handler_with_mismatch(handler, supplied: str = "evil-spoof"):
        """Invoke a sovrd _handle_* and assert it returns identity_mismatch error without side effects."""
        params = {
            "agent_id": supplied,
            "query": "test",
            "content": "test",
            "event_type": "test",
        }
        # Provide minimal required fields for the specific handler
        if handler.__name__ == "_handle_search":
            params = {"agent_id": supplied, "query": "test query"}
        elif handler.__name__ == "_handle_feedback":
            params = {"agent_id": supplied, "query": "q", "result_id": 1, "useful": True}
        elif handler.__name__ == "_handle_read":
            params = {"agent_id": supplied, "limit": 1}
        elif handler.__name__ == "_handle_learn":
            params = {"agent_id": supplied, "content": "x", "title": "t"}
        elif handler.__name__ == "_handle_log_event":
            params = {"agent_id": supplied, "event_type": "note", "content": "c"}
        elif handler.__name__ == "_handle_resolve_contradiction":
            params = {"agent_id": supplied, "new_content": "new", "supersede_ids": []}
        elif handler.__name__ == "_handle_daemon_handoff":
            # G11: handoff now guarded on from_agent claim (Bug 3 / "every MCP/RPC path")
            params = {"from_agent": supplied, "to_agent": "recipient", "packet": {}}
        elif handler.__name__ == "_handle_sm_export_pack":
            params = {"agent_id": supplied, "query": "test query for export", "budget_tokens": 100, "cache_key": "t"}
        elif handler.__name__ == "_handle_list_pending_handoffs":
            params = {"agent_id": supplied}
        elif handler.__name__ == "_handle_subscribe_contradictions":
            params = {"agent_id": supplied, "since_ts": 0}
    
        resp = handler(params, request_id="test-1")
>       assert "error" in resp, f"{handler.__name__} did not return error on mismatch"
E       AssertionError: _handle_search did not return error on mismatch
E       assert 'error' in {'id': 'test-1', 'jsonrpc': '2.0', 'result': {'agent_id': 'not-canonical', 'backend': 'faiss-disk', 'count': 5, 'depth': 'headline', ...}}

engine/test_principal_binding.py:197: AssertionError
______________ test_happy_path_with_strict_principal_uses_stamped ______________

tmp_path = PosixPath('/private/var/folders/ck/t7lsq3217tqcy6lfv1zrfyrr0000gn/T/pytest-of-hansaxelsson/pytest-59/test_happy_path_with_strict_pr0')
monkeypatch = <_pytest.monkeypatch.MonkeyPatch object at 0x13ffa7b60>

    def test_happy_path_with_strict_principal_uses_stamped(
        tmp_path: Path, monkeypatch: pytest.MonkeyPatch
    ):
        """When match (or legacy alias), handler proceeds with the *stamped* agent_id."""
        principals = tmp_path / "principals"
        principals.mkdir()
        f = principals / "local.json"
        f.write_text(
            json.dumps(
                {
                    "agent_id": "stamped-one",
                    "workspace_id": "g11-test",
                    "legacy_agent_ids": ["main"],
                }
            ),
            encoding="utf-8",
        )
        os.chmod(f, 0o600)  # satisfy strict 0600 hard requirement (Bug 4)
    
        original_resolve = principal.resolve_effective_principal
    
        def _patched(*, supplied_agent_id=None, transport="uds", principals_dir=None):
            return original_resolve(
                supplied_agent_id=supplied_agent_id,
                transport=transport,
                principals_dir=principals_dir or principals,
            )
    
        monkeypatch.setattr(principal, "resolve_effective_principal", _patched)
        # Supply legacy alias "main" -> must get stamped "stamped-one" back
        p = resolve_effective_principal(supplied_agent_id="main", principals_dir=principals)
>       assert p.agent_id == "stamped-one"
E       AssertionError: assert 'main' == 'stamped-one'
E         
E         - stamped-one
E         + main

engine/test_principal_binding.py:279: AssertionError
__________ test_guard_vault_root_returns_structured_deny_for_bad_path __________

monkeypatch = <_pytest.monkeypatch.MonkeyPatch object at 0x13ffa7070>
tmp_path = PosixPath('/private/var/folders/ck/t7lsq3217tqcy6lfv1zrfyrr0000gn/T/pytest-of-hansaxelsson/pytest-59/test_guard_vault_root_returns_0')

    def test_guard_vault_root_returns_structured_deny_for_bad_path(monkeypatch: pytest.MonkeyPatch, tmp_path: Path):
        _install_strict_principal(monkeypatch, tmp_path, tmp_path / "allowed-vault")
        bad_vault = str(tmp_path / "completely-unrelated-vault-3549")
        params = {"agent_id": "main", "vault_path": bad_vault}
        err = _guard_vault_root(params, bad_vault, "t1", label="test")
>       assert err is not None
E       assert None is not None

engine/test_vault_root_binding.py:98: AssertionError
____________________ test_hygiene_handler_denies_bad_vault _____________________

monkeypatch = <_pytest.monkeypatch.MonkeyPatch object at 0x13ffa7e70>
tmp_path = PosixPath('/private/var/folders/ck/t7lsq3217tqcy6lfv1zrfyrr0000gn/T/pytest-of-hansaxelsson/pytest-59/test_hygiene_handler_denies_ba0')

    def test_hygiene_handler_denies_bad_vault(monkeypatch: pytest.MonkeyPatch, tmp_path: Path):
        _install_strict_principal(monkeypatch, tmp_path, tmp_path / "allowed-vault")
        bad = str(tmp_path / "evil-hygiene-vault")
        resp = _handle_hygiene_report({"vault_path": bad}, "req-1")
>       assert "error" in resp
E       AssertionError: assert 'error' in {'id': 'req-1', 'jsonrpc': '2.0', 'result': {'checks': ['broken_wikilinks', 'missing_sources', 'status_drift', 'orphan...warn': 0}, 'findings': {'block': [], 'info': [], 'warn': []}, 'generated_at': '2026-05-20T03:09:56.856500+00:00', ...}}

engine/test_vault_root_binding.py:108: AssertionError
____________________ test_compile_handler_denies_bad_vault _____________________

monkeypatch = <_pytest.monkeypatch.MonkeyPatch object at 0x1432dcd70>
tmp_path = PosixPath('/private/var/folders/ck/t7lsq3217tqcy6lfv1zrfyrr0000gn/T/pytest-of-hansaxelsson/pytest-59/test_compile_handler_denies_ba0')

    def test_compile_handler_denies_bad_vault(monkeypatch: pytest.MonkeyPatch, tmp_path: Path):
        _install_strict_principal(monkeypatch, tmp_path, tmp_path / "allowed-vault")
        bad = str(tmp_path / "evil-compile-vault")
        resp = _handle_daemon_compile({"pass_name": "session_distillation", "vault_path": bad, "dry_run": True}, "req-2")
        # Guard runs immediately after pass_name validation; for a valid pass_name + bad vault we must get -32003
>       assert "error" in resp
E       AssertionError: assert 'error' in {'id': 'req-2', 'jsonrpc': '2.0', 'result': {'drafts': [], 'drafts_written': [], 'dry_run': True, 'pass_name': 'session_distillation', ...}}

engine/test_vault_root_binding.py:118: AssertionError
____________________ test_endorse_handler_denies_bad_vault _____________________

monkeypatch = <_pytest.monkeypatch.MonkeyPatch object at 0x1432dcfa0>
tmp_path = PosixPath('/private/var/folders/ck/t7lsq3217tqcy6lfv1zrfyrr0000gn/T/pytest-of-hansaxelsson/pytest-59/test_endorse_handler_denies_ba0')

    def test_endorse_handler_denies_bad_vault(monkeypatch: pytest.MonkeyPatch, tmp_path: Path):
        _install_strict_principal(monkeypatch, tmp_path, tmp_path / "allowed-vault")
        bad = str(tmp_path / "evil-endorse-vault")
        resp = _handle_daemon_endorse({"page_id": "p1", "decision": "accept", "vault_path": bad}, "req-3")
        assert "error" in resp
        # Guard runs before endorse_draft; for bad vault we get -32003 (the page-not-found would only happen after a passing guard)
>       assert resp["error"]["code"] == -32003, "bad vault must be rejected by G12 guard with structured denial"
E       AssertionError: bad vault must be rejected by G12 guard with structured denial
E       assert -32000 == -32003

engine/test_vault_root_binding.py:128: AssertionError
------------------------------ Captured log call -------------------------------
WARNING  sovrd:sovrd.py:2268 daemon.endorse failed: draft page_id not found: p1
=========================== short test summary info ============================
FAILED engine/test_approval_rpc.py::test_agent_cannot_self_resolve_operator_can
FAILED engine/test_learn_force_requires_operator.py::test_force_learn_operator_gate
FAILED engine/test_principal_binding.py::test_resolve_fresh_install_only_main_accepted
FAILED engine/test_principal_binding.py::test_resolve_strict_rejects_mismatch
FAILED engine/test_principal_binding.py::test_strict_principal_bad_permissions_fail_closed
FAILED engine/test_principal_binding.py::test_all_rpc_paths_deny_mismatched_identity
FAILED engine/test_principal_binding.py::test_happy_path_with_strict_principal_uses_stamped
FAILED engine/test_vault_root_binding.py::test_guard_vault_root_returns_structured_deny_for_bad_path
FAILED engine/test_vault_root_binding.py::test_hygiene_handler_denies_bad_vault
FAILED engine/test_vault_root_binding.py::test_compile_handler_denies_bad_vault
FAILED engine/test_vault_root_binding.py::test_endorse_handler_denies_bad_vault
================== 11 failed, 323 passed, 3 skipped in 29.69s ==================
